
> gestor-livros-avaliacoes@1.0.0 dev
> nodemon server.js

[33m[nodemon] 3.1.10[39m
[33m[nodemon] to restart at any time, enter `rs`[39m
[33m[nodemon] watching path(s): *.*[39m
[33m[nodemon] watching extensions: js,mjs,cjs,json[39m
[32m[nodemon] starting `node server.js`[39m
MongoDB conectado com sucesso!
node:events:491
      throw er; // Unhandled 'error' event
      ^

Error: listen EADDRINUSE: address already in use :::3000
    at Server.setupListenHandle [as _listen2] (node:net:1937:16)
    at listenInCluster (node:net:1994:12)
    at Server.listen (node:net:2099:7)
    at Function.listen (C:\Users\tigas\trabalhonosql\node_modules\express\lib\application.js:635:24)
    at startServer (C:\Users\tigas\trabalhonosql\server.js:64:9)
    at process.processTicksAndRejections (node:internal/process/task_queues:105:5)
Emitted 'error' event on Server instance at:
    at emitErrorNT (node:net:1973:8)
    at process.processTicksAndRejections (node:internal/process/task_queues:90:21) {
  code: 'EADDRINUSE',
  errno: -4091,
  syscall: 'listen',
  address: '::',
  port: 3000
}

Node.js v23.5.0
[31m[nodemon] app crashed - waiting for file changes before starting...[39m
[32m[nodemon] restarting due to changes...[39m
[32m[nodemon] starting `node server.js`[39m
MongoDB conectado com sucesso!
Servidor rodando na porta 3000
Documentação da API: http://localhost:3000
[32m[nodemon] restarting due to changes...[39m
[32m[nodemon] restarting due to changes...[39m
Getting statistics...
Getting statistics...
[32m[nodemon] restarting due to changes...[39m
[32m[nodemon] restarting due to changes...[39m
[32m[nodemon] restarting due to changes...[39m
Getting statistics...
[32m[nodemon] restarting due to changes...[39m
Getting recommendations for book: 6880af7d9887dbae60f00c65
Getting statistics...
Getting statistics...
Getting statistics...
Getting statistics...
Getting statistics...
Getting statistics...
Getting statistics...
Getting statistics...
[32m[nodemon] restarting due to changes...[39m
Getting statistics...
Getting statistics...
[32m[nodemon] restarting due to changes...[39m
[32m[nodemon] restarting due to changes...[39m
[32m[nodemon] restarting due to changes...[39m
[32m[nodemon] restarting due to changes...[39m
[32m[nodemon] restarting due to changes...[39m
[32m[nodemon] restarting due to changes...[39m
[32m[nodemon] restarting due to changes...[39m
[32m[nodemon] restarting due to changes...[39m
[32m[nodemon] restarting due to changes...[39m
[32m[nodemon] restarting due to changes...[39m
[32m[nodemon] restarting due to changes...[39m
[32m[nodemon] restarting due to changes...[39m
[32m[nodemon] restarting due to changes...[39m
[32m[nodemon] restarting due to changes...[39m
Getting statistics...
Getting statistics...
Getting statistics...
Getting statistics...
Getting statistics...
Getting statistics...
Getting recommendations for book: 6880af7d9887dbae60f00c65
Getting statistics...
[32m[nodemon] restarting due to changes...[39m
[32m[nodemon] restarting due to changes...[39m
[32m[nodemon] restarting due to changes...[39m
[32m[nodemon] restarting due to changes...[39m
